# JRE version: Java(TM) SE Runtime Environment (8.0_73-b02) (build 1.8.0_73-b02)
# Java VM: Java HotSpot(TM) 64-Bit Server VM (25.73-b02 mixed mode windows-amd64 compressed oops)
Heap:
 PSYoungGen      total 215040K, used 5477K [0x00000000ec000000, 0x00000000fa080000, 0x0000000100000000)
  eden space 201216K, 0% used [0x00000000ec000000,0x00000000ec000000,0x00000000f8480000)
  from space 13824K, 39% used [0x00000000f9300000,0x00000000f9859640,0x00000000fa080000)
  to   space 14336K, 0% used [0x00000000f8480000,0x00000000f8480000,0x00000000f9280000)
 ParOldGen       total 46592K, used 28089K [0x00000000c4000000, 0x00000000c6d80000, 0x00000000ec000000)
  object space 46592K, 60% used [0x00000000c4000000,0x00000000c5b6e4b0,0x00000000c6d80000)
 Metaspace       used 56635K, capacity 59074K, committed 59160K, reserved 1099776K
  class space    used 7633K, capacity 8081K, committed 8112K, reserved 1048576K
GC Heap History (10 events):
Event: 5.003 GC heap after
Heap after GC invocations=10 (full 1):
 PSYoungGen      total 125440K, used 7670K [0x00000000ec000000, 0x00000000f6500000, 0x0000000100000000)
  eden space 117760K, 0% used [0x00000000ec000000,0x00000000ec000000,0x00000000f3300000)
  from space 7680K, 99% used [0x00000000f3300000,0x00000000f3a7dbf0,0x00000000f3a80000)
  to   space 10752K, 0% used [0x00000000f5a80000,0x00000000f5a80000,0x00000000f6500000)
 ParOldGen       total 29184K, used 11786K [0x00000000c4000000, 0x00000000c5c80000, 0x00000000ec000000)
  object space 29184K, 40% used [0x00000000c4000000,0x00000000c4b82bc0,0x00000000c5c80000)
 Metaspace       used 32794K, capacity 34362K, committed 34480K, reserved 1079296K
  class space    used 4209K, capacity 4525K, committed 4528K, reserved 1048576K
}
Event: 5.533 GC heap before
{Heap before GC invocations=11 (full 1):
 PSYoungGen      total 125440K, used 76401K [0x00000000ec000000, 0x00000000f6500000, 0x0000000100000000)
  eden space 117760K, 58% used [0x00000000ec000000,0x00000000f031ea38,0x00000000f3300000)
  from space 7680K, 99% used [0x00000000f3300000,0x00000000f3a7dbf0,0x00000000f3a80000)
  to   space 10752K, 0% used [0x00000000f5a80000,0x00000000f5a80000,0x00000000f6500000)
 ParOldGen       total 29184K, used 11786K [0x00000000c4000000, 0x00000000c5c80000, 0x00000000ec000000)
  object space 29184K, 40% used [0x00000000c4000000,0x00000000c4b82bc0,0x00000000c5c80000)
 Metaspace       used 33831K, capacity 35436K, committed 35496K, reserved 1081344K
  class space    used 4325K, capacity 4648K, committed 4656K, reserved 1048576K
Event: 5.547 GC heap after
Heap after GC invocations=11 (full 1):
 PSYoungGen      total 158208K, used 6831K [0x00000000ec000000, 0x00000000f7680000, 0x0000000100000000)
  eden space 147456K, 0% used [0x00000000ec000000,0x00000000ec000000,0x00000000f5000000)
  from space 10752K, 63% used [0x00000000f5a80000,0x00000000f612bdb0,0x00000000f6500000)
  to   space 10752K, 0% used [0x00000000f5000000,0x00000000f5000000,0x00000000f5a80000)
 ParOldGen       total 29184K, used 14815K [0x00000000c4000000, 0x00000000c5c80000, 0x00000000ec000000)
  object space 29184K, 50% used [0x00000000c4000000,0x00000000c4e77c20,0x00000000c5c80000)
 Metaspace       used 33831K, capacity 35436K, committed 35496K, reserved 1081344K
  class space    used 4325K, capacity 4648K, committed 4656K, reserved 1048576K
}
Event: 5.547 GC heap before
{Heap before GC invocations=12 (full 2):
 PSYoungGen      total 158208K, used 6831K [0x00000000ec000000, 0x00000000f7680000, 0x0000000100000000)
  eden space 147456K, 0% used [0x00000000ec000000,0x00000000ec000000,0x00000000f5000000)
  from space 10752K, 63% used [0x00000000f5a80000,0x00000000f612bdb0,0x00000000f6500000)
  to   space 10752K, 0% used [0x00000000f5000000,0x00000000f5000000,0x00000000f5a80000)
 ParOldGen       total 29184K, used 14815K [0x00000000c4000000, 0x00000000c5c80000, 0x00000000ec000000)
  object space 29184K, 50% used [0x00000000c4000000,0x00000000c4e77c20,0x00000000c5c80000)
 Metaspace       used 33831K, capacity 35436K, committed 35496K, reserved 1081344K
  class space    used 4325K, capacity 4648K, committed 4656K, reserved 1048576K
Event: 5.618 GC heap after
Heap after GC invocations=12 (full 2):
 PSYoungGen      total 158208K, used 0K [0x00000000ec000000, 0x00000000f7680000, 0x0000000100000000)
  eden space 147456K, 0% used [0x00000000ec000000,0x00000000ec000000,0x00000000f5000000)
  from space 10752K, 0% used [0x00000000f5a80000,0x00000000f5a80000,0x00000000f6500000)
  to   space 10752K, 0% used [0x00000000f5000000,0x00000000f5000000,0x00000000f5a80000)
 ParOldGen       total 46592K, used 14981K [0x00000000c4000000, 0x00000000c6d80000, 0x00000000ec000000)
  object space 46592K, 32% used [0x00000000c4000000,0x00000000c4ea16c8,0x00000000c6d80000)
 Metaspace       used 33831K, capacity 35436K, committed 35496K, reserved 1081344K
  class space    used 4325K, capacity 4648K, committed 4656K, reserved 1048576K
}
Event: 9.924 GC heap before
{Heap before GC invocations=13 (full 2):
 PSYoungGen      total 158208K, used 147456K [0x00000000ec000000, 0x00000000f7680000, 0x0000000100000000)
  eden space 147456K, 100% used [0x00000000ec000000,0x00000000f5000000,0x00000000f5000000)
  from space 10752K, 0% used [0x00000000f5a80000,0x00000000f5a80000,0x00000000f6500000)
  to   space 10752K, 0% used [0x00000000f5000000,0x00000000f5000000,0x00000000f5a80000)
 ParOldGen       total 46592K, used 14981K [0x00000000c4000000, 0x00000000c6d80000, 0x00000000ec000000)
  object space 46592K, 32% used [0x00000000c4000000,0x00000000c4ea16c8,0x00000000c6d80000)
 Metaspace       used 51879K, capacity 53734K, committed 54064K, reserved 1095680K
  class space    used 7005K, capacity 7349K, committed 7472K, reserved 1048576K
Event: 9.951 GC heap after
Heap after GC invocations=13 (full 2):
 PSYoungGen      total 158208K, used 10732K [0x00000000ec000000, 0x00000000fa200000, 0x0000000100000000)
  eden space 147456K, 0% used [0x00000000ec000000,0x00000000ec000000,0x00000000f5000000)
  from space 10752K, 99% used [0x00000000f5000000,0x00000000f5a7b220,0x00000000f5a80000)
  to   space 15360K, 0% used [0x00000000f9300000,0x00000000f9300000,0x00000000fa200000)
 ParOldGen       total 46592K, used 23318K [0x00000000c4000000, 0x00000000c6d80000, 0x00000000ec000000)
  object space 46592K, 50% used [0x00000000c4000000,0x00000000c56c5a90,0x00000000c6d80000)
 Metaspace       used 51879K, capacity 53734K, committed 54064K, reserved 1095680K
  class space    used 7005K, capacity 7349K, committed 7472K, reserved 1048576K
}
Event: 10.905 GC heap before
{Heap before GC invocations=14 (full 2):
 PSYoungGen      total 158208K, used 55357K [0x00000000ec000000, 0x00000000fa200000, 0x0000000100000000)
  eden space 147456K, 30% used [0x00000000ec000000,0x00000000eeb945b0,0x00000000f5000000)
  from space 10752K, 99% used [0x00000000f5000000,0x00000000f5a7b220,0x00000000f5a80000)
  to   space 15360K, 0% used [0x00000000f9300000,0x00000000f9300000,0x00000000fa200000)
 ParOldGen       total 46592K, used 23318K [0x00000000c4000000, 0x00000000c6d80000, 0x00000000ec000000)
  object space 46592K, 50% used [0x00000000c4000000,0x00000000c56c5a90,0x00000000c6d80000)
 Metaspace       used 56635K, capacity 59074K, committed 59160K, reserved 1099776K
  class space    used 7633K, capacity 8081K, committed 8112K, reserved 1048576K
Event: 10.935 GC heap after
Heap after GC invocations=14 (full 2):
 PSYoungGen      total 215040K, used 5477K [0x00000000ec000000, 0x00000000fa080000, 0x0000000100000000)
  eden space 201216K, 0% used [0x00000000ec000000,0x00000000ec000000,0x00000000f8480000)
  from space 13824K, 39% used [0x00000000f9300000,0x00000000f9859640,0x00000000fa080000)
  to   space 14336K, 0% used [0x00000000f8480000,0x00000000f8480000,0x00000000f9280000)
 ParOldGen       total 46592K, used 28089K [0x00000000c4000000, 0x00000000c6d80000, 0x00000000ec000000)
  object space 46592K, 60% used [0x00000000c4000000,0x00000000c5b6e4b0,0x00000000c6d80000)
 Metaspace       used 56635K, capacity 59074K, committed 59160K, reserved 1099776K
  class space    used 7633K, capacity 8081K, committed 8112K, reserved 1048576K
}
Event: 10.935 GC heap before
{Heap before GC invocations=15 (full 3):
 PSYoungGen      total 215040K, used 5477K [0x00000000ec000000, 0x00000000fa080000, 0x0000000100000000)
  eden space 201216K, 0% used [0x00000000ec000000,0x00000000ec000000,0x00000000f8480000)
  from space 13824K, 39% used [0x00000000f9300000,0x00000000f9859640,0x00000000fa080000)
  to   space 14336K, 0% used [0x00000000f8480000,0x00000000f8480000,0x00000000f9280000)
 ParOldGen       total 46592K, used 28089K [0x00000000c4000000, 0x00000000c6d80000, 0x00000000ec000000)
  object space 46592K, 60% used [0x00000000c4000000,0x00000000c5b6e4b0,0x00000000c6d80000)
 Metaspace       used 56635K, capacity 59074K, committed 59160K, reserved 1099776K
  class space    used 7633K, capacity 8081K, committed 8112K, reserved 1048576K

